<?xml version="1.0" encoding="UTF-8"?>
<testsuite xmlns:xsi="http://www.w3.org/2001/XMLSchema-instance" xsi:schemaLocation="https://maven.apache.org/surefire/maven-surefire-plugin/xsd/surefire-test-report.xsd" name="TestSuite" time="48.941" tests="3" errors="0" skipped="0" failures="0">
  <properties>
[...]
</properties>
  <testcase name="login" classname="com.tyss.scripts.StackOverflowLogin" time="4.364"/>
  <testcase name="login" classname="com.tyss.scripts.StackOverflowLogin" time="3.133"/>
  <testcase name="login" classname="com.tyss.scripts.StackOverflowLogin" time="7.711"/>
</testsuite>