<?xml version="1.0" encoding="UTF-8"?>
<testng-results skipped="0" failed="0" total="3" passed="3">
  <reporter-output>
  </reporter-output>
  <suite name="Suite" duration-ms="20923" started-at="2016-02-03T09:51:23Z" finished-at="2016-02-03T09:51:43Z">
    <groups>
    </groups>
    <test name="Test" duration-ms="20923" started-at="2016-02-03T09:51:23Z" finished-at="2016-02-03T09:51:43Z">
      <class name="com.tyss.scripts.StackOverflowLogin">
        <test-method status="PASS" signature="beforeConfig()[pri:0, instance:com.tyss.scripts.StackOverflowLogin@783e6358]" name="beforeConfig" is-config="true" duration-ms="16529" started-at="2016-02-03T15:21:23Z" finished-at="2016-02-03T15:21:39Z">
          <reporter-output>
          </reporter-output>
        </test-method> <!-- beforeConfig -->
        <test-method status="PASS" signature="login()[pri:0, instance:com.tyss.scripts.StackOverflowLogin@783e6358]" name="login" duration-ms="4373" started-at="2016-02-03T15:21:39Z" finished-at="2016-02-03T15:21:43Z">
          <reporter-output>
          </reporter-output>
        </test-method> <!-- login -->
      </class> <!-- com.tyss.scripts.StackOverflowLogin -->
    </test> <!-- Test -->
  </suite> <!-- Suite -->
  <suite name="Suite (1)" duration-ms="16785" started-at="2016-02-03T09:51:54Z" finished-at="2016-02-03T09:52:11Z">
    <groups>
    </groups>
    <test name="Test" duration-ms="16785" started-at="2016-02-03T09:51:54Z" finished-at="2016-02-03T09:52:11Z">
      <class name="com.tyss.scripts.StackOverflowLogin">
        <test-method status="PASS" signature="beforeConfig()[pri:0, instance:com.tyss.scripts.StackOverflowLogin@34b7bfc0]" name="beforeConfig" is-config="true" duration-ms="9072" started-at="2016-02-03T15:21:54Z" finished-at="2016-02-03T15:22:03Z">
          <reporter-output>
          </reporter-output>
        </test-method> <!-- beforeConfig -->
        <test-method status="PASS" signature="login()[pri:0, instance:com.tyss.scripts.StackOverflowLogin@34b7bfc0]" name="login" duration-ms="7712" started-at="2016-02-03T15:22:03Z" finished-at="2016-02-03T15:22:11Z">
          <reporter-output>
          </reporter-output>
        </test-method> <!-- login -->
      </class> <!-- com.tyss.scripts.StackOverflowLogin -->
    </test> <!-- Test -->
  </suite> <!-- Suite (1) -->
  <suite name="Suite (0)" duration-ms="10437" started-at="2016-02-03T09:51:44Z" finished-at="2016-02-03T09:51:54Z">
    <groups>
    </groups>
    <test name="Test" duration-ms="10437" started-at="2016-02-03T09:51:44Z" finished-at="2016-02-03T09:51:54Z">
      <class name="com.tyss.scripts.StackOverflowLogin">
        <test-method status="PASS" signature="beforeConfig()[pri:0, instance:com.tyss.scripts.StackOverflowLogin@6615435c]" name="beforeConfig" is-config="true" duration-ms="7300" started-at="2016-02-03T15:21:44Z" finished-at="2016-02-03T15:21:51Z">
          <reporter-output>
          </reporter-output>
        </test-method> <!-- beforeConfig -->
        <test-method status="PASS" signature="login()[pri:0, instance:com.tyss.scripts.StackOverflowLogin@6615435c]" name="login" duration-ms="3137" started-at="2016-02-03T15:21:51Z" finished-at="2016-02-03T15:21:54Z">
          <reporter-output>
          </reporter-output>
        </test-method> <!-- login -->
      </class> <!-- com.tyss.scripts.StackOverflowLogin -->
    </test> <!-- Test -->
  </suite> <!-- Suite (0) -->
</testng-results>
